Arguments: 
  C:\Program Files\nodejs\node.exe C:\Users\Administrator\AppData\Roaming\npm\node_modules\yarn\bin\yarn.js install

PATH: 
  C:\Users\Administrator\bin;C:\Program Files\Git\mingw64\bin;C:\Program Files\Git\usr\local\bin;C:\Program Files\Git\usr\bin;C:\Program Files\Git\usr\bin;C:\Program Files\Git\mingw64\bin;C:\Program Files\Git\usr\bin;C:\Users\Administrator\bin;C:\Program Files (x86)\VMware\VMware Workstation\bin;C:\Python39\Scripts;C:\Python39;C:\Windows\system32;C:\Windows;C:\Windows\System32\Wbem;C:\Windows\System32\WindowsPowerShell\v1.0;C:\ProgramData\chocolatey\bin;C:\Program Files\nodejs;C:\Program Files\Git\cmd;C:\Program Files\Git LFS;C:\Users\Administrator\AppData\Local\Programs\Python\Python39\Scripts;C:\Users\Administrator\AppData\Local\Programs\Python\Python39;C:\Users\Administrator\AppData\Local\Programs\Microsoft VS Code\bin;C:\Users\Administrator\AppData\Local\GitHubDesktop\bin;C:\Users\Administrator\AppData\Roaming\npm;C:\Program Files\Git\usr\bin\vendor_perl;C:\Program Files\Git\usr\bin\core_perl

Yarn version: 
  1.22.10

Node version: 
  14.16.0

Platform: 
  win32 x64

Trace: 
  Error: getaddrinfo ENOTFOUND registry.yarnpkg.com
      at GetAddrInfoReqWrap.onlookup [as oncomplete] (dns.js:67:26)

npm manifest: 
  {
      "title": "Creative",
      "name": "startbootstrap-creative",
      "version": "7.0.6",
      "scripts": {
          "build": "npm run clean && npm run build:pug && npm run build:scss && npm run build:scripts && npm run build:assets",
          "build:assets": "node scripts/build-assets.js",
          "build:pug": "node scripts/build-pug.js",
          "build:scripts": "node scripts/build-scripts.js",
          "build:scss": "node scripts/build-scss.js",
          "clean": "node scripts/clean.js",
          "start": "npm run build && node scripts/start.js",
          "start:debug": "npm run build && node scripts/start-debug.js"
      },
      "description": "Creative is a stylish one page HTML theme built with Bootstrap.",
      "keywords": [
          "css",
          "sass",
          "scss",
          "html",
          "pug",
          "responsive",
          "theme",
          "template"
      ],
      "homepage": "https://startbootstrap.com/theme/creative",
      "bugs": {
          "url": "https://github.com/StartBootstrap/startbootstrap-creative/issues",
          "email": "feedback@startbootstrap.com"
      },
      "license": "MIT",
      "author": "Start Bootstrap",
      "contributors": [
          "David Miller (https://davidmiller.io/)"
      ],
      "repository": {
          "type": "git",
          "url": "https://github.com/StartBootstrap/startbootstrap-creative.git"
      },
      "dependencies": {
          "bootstrap": "5.1.3"
      },
      "devDependencies": {
          "autoprefixer": "10.4.4",
          "browser-sync": "2.27.9",
          "chokidar": "3.5.3",
          "concurrently": "6.3.0",
          "postcss": "8.4.12",
          "prettier": "2.6.0",
          "pug": "3.0.2",
          "sass": "1.49.9",
          "shelljs": "0.8.5",
          "upath": "2.0.1"
      }
  }

yarn manifest: 
  No manifest

Lockfile: 
  No lockfile
